<?xml version="1.0" encoding="UTF-8"?>
<testng-results ignored="0" total="2" passed="1" failed="1" skipped="0">
  <reporter-output>
  </reporter-output>
  <suite started-at="2023-11-21T16:52:57 CST" name="Surefire suite" finished-at="2023-11-21T16:53:14 CST" duration-ms="17123">
    <groups>
    </groups>
    <test started-at="2023-11-21T16:52:57 CST" name="Surefire test" finished-at="2023-11-21T16:53:14 CST" duration-ms="17123">
      <class name="org.selenium.pom.tests.MyFirstTestCase">
        <test-method is-config="true" signature="startDriver(java.lang.String)[pri:0, instance:org.selenium.pom.tests.MyFirstTestCase@2890c451]" started-at="2023-11-21T16:52:57 CST" name="startDriver" finished-at="2023-11-21T16:53:01 CST" duration-ms="4307" status="PASS">
          <params>
            <param index="0">
              <value>
                <![CDATA[FIREFOX]]>
              </value>
            </param>
          </params>
          <reporter-output>
          </reporter-output>
        </test-method> <!-- startDriver -->
        <test-method signature="guestCheckoutUsingJacksonAPI()[pri:0, instance:org.selenium.pom.tests.MyFirstTestCase@2890c451]" started-at="2023-11-21T16:53:01 CST" name="guestCheckoutUsingJacksonAPI" finished-at="2023-11-21T16:53:13 CST" duration-ms="11414" status="PASS">
          <reporter-output>
          </reporter-output>
        </test-method> <!-- guestCheckoutUsingJacksonAPI -->
        <test-method signature="guestCheckoutUsingDirectBankTransfer()[pri:0, instance:org.selenium.pom.tests.MyFirstTestCase@2890c451]" started-at="2023-11-21T16:53:01 CST" name="guestCheckoutUsingDirectBankTransfer" finished-at="2023-11-21T16:53:01 CST" duration-ms="28" status="FAIL">
          <exception class="java.lang.IllegalArgumentException">
            <message>
              <![CDATA[Input must be set]]>
            </message>
            <full-stacktrace>
              <![CDATA[java.lang.IllegalArgumentException: Input must be set
at org.openqa.selenium.internal.Require.nonNull(Require.java:59)
at org.openqa.selenium.support.ui.FluentWait.<init>(FluentWait.java:97)
at org.openqa.selenium.support.ui.WebDriverWait.<init>(WebDriverWait.java:77)
at org.openqa.selenium.support.ui.WebDriverWait.<init>(WebDriverWait.java:46)
at org.selenium.pom.base.BasePage.<init>(BasePage.java:17)
at org.selenium.pom.pages.HomePage.<init>(HomePage.java:17)
at org.selenium.pom.tests.MyFirstTestCase.guestCheckoutUsingDirectBankTransfer(MyFirstTestCase.java:35)
at java.base/jdk.internal.reflect.NativeMethodAccessorImpl.invoke0(Native Method)
at java.base/jdk.internal.reflect.NativeMethodAccessorImpl.invoke(NativeMethodAccessorImpl.java:77)
at java.base/jdk.internal.reflect.DelegatingMethodAccessorImpl.invoke(DelegatingMethodAccessorImpl.java:43)
at java.base/java.lang.reflect.Method.invoke(Method.java:568)
at org.testng.internal.MethodInvocationHelper.invokeMethod(MethodInvocationHelper.java:132)
at org.testng.internal.TestInvoker.invokeMethod(TestInvoker.java:599)
at org.testng.internal.TestInvoker.invokeTestMethod(TestInvoker.java:174)
at org.testng.internal.MethodRunner.runInSequence(MethodRunner.java:46)
at org.testng.internal.TestInvoker$MethodInvocationAgent.invoke(TestInvoker.java:822)
at org.testng.internal.TestInvoker.invokeTestMethods(TestInvoker.java:147)
at org.testng.internal.TestMethodWorker.invokeTestMethods(TestMethodWorker.java:146)
at org.testng.internal.TestMethodWorker.run(TestMethodWorker.java:128)
at java.base/java.util.concurrent.ThreadPoolExecutor.runWorker(ThreadPoolExecutor.java:1136)
at java.base/java.util.concurrent.ThreadPoolExecutor$Worker.run(ThreadPoolExecutor.java:635)
at java.base/java.lang.Thread.run(Thread.java:833)
]]>
            </full-stacktrace>
          </exception> <!-- java.lang.IllegalArgumentException -->
          <reporter-output>
          </reporter-output>
        </test-method> <!-- guestCheckoutUsingDirectBankTransfer -->
        <test-method is-config="true" signature="quitDriver()[pri:0, instance:org.selenium.pom.tests.MyFirstTestCase@2890c451]" started-at="2023-11-21T16:53:13 CST" name="quitDriver" finished-at="2023-11-21T16:53:14 CST" duration-ms="1369" status="PASS">
          <reporter-output>
          </reporter-output>
        </test-method> <!-- quitDriver -->
      </class> <!-- org.selenium.pom.tests.MyFirstTestCase -->
    </test> <!-- Surefire test -->
  </suite> <!-- Surefire suite -->
</testng-results>
