-------------------------------------------------------------------------------
Test set: TestSuite
-------------------------------------------------------------------------------
Tests run: 2, Failures: 1, Errors: 0, Skipped: 0, Time elapsed: 17.579 s <<< FAILURE! - in TestSuite
org.selenium.pom.tests.MyFirstTestCase.guestCheckoutUsingDirectBankTransfer  Time elapsed: 0 s  <<< FAILURE!
java.lang.IllegalArgumentException: Input must be set
	at org.selenium.pom.tests.MyFirstTestCase.guestCheckoutUsingDirectBankTransfer(MyFirstTestCase.java:35)

